This is pdfTeX, Version 3.14159265-2.6-1.40.20 (TeX Live 2019/Debian) (preloaded format=pdflatex 2020.12.6)  31 AUG 2021 15:04
entering extended mode
 restricted \write18 enabled.
 %&-line parsing enabled.
**mega_assets_doc.tex
(./mega_assets_doc.tex
LaTeX2e <2020-02-02> patch level 2
L3 programming layer <2020-02-14>
(/usr/share/texlive/texmf-dist/tex/latex/base/article.cls
Document Class: article 2019/12/20 v1.4l Standard LaTeX document class
(/usr/share/texlive/texmf-dist/tex/latex/base/size11.clo
File: size11.clo 2019/12/20 v1.4l Standard LaTeX file (size option)
)
\c@part=\count167
\c@section=\count168
\c@subsection=\count169
\c@subsubsection=\count170
\c@paragraph=\count171
\c@subparagraph=\count172
\c@figure=\count173
\c@table=\count174
\abovecaptionskip=\skip47
\belowcaptionskip=\skip48
\bibindent=\dimen134
)
(/usr/share/texlive/texmf-dist/tex/latex/base/inputenc.sty
Package: inputenc 2018/08/11 v1.3c Input encoding file
\inpenc@prehook=\toks14
\inpenc@posthook=\toks15
)
(/usr/share/texlive/texmf-dist/tex/latex/base/fontenc.sty
Package: fontenc 2020/02/11 v2.0o Standard LaTeX package
)
(/usr/share/texlive/texmf-dist/tex/generic/babel/babel.sty
Package: babel 2020/02/14 3.40 The Babel package

(/usr/share/texlive/texmf-dist/tex/generic/babel/switch.def
File: switch.def 2020/02/14 3.40 Babel switching mechanism
)
(/usr/share/texlive/texmf-dist/tex/generic/babel-french/french.ldf
Language: french 2020/01/30 v3.5g French support from the babel system

(/usr/share/texlive/texmf-dist/tex/generic/babel/babel.def
File: babel.def 2020/02/14 3.40 Babel common definitions
\babel@savecnt=\count175
\U@D=\dimen135

(/usr/share/texlive/texmf-dist/tex/generic/babel/txtbabel.def)
\bbl@readstream=\read2
\bbl@dirlevel=\count176
)
Package babel Info: \l@acadian = using hyphenrules for french
(babel)             (\language5) on input line 91.
Package babel Info: \l@canadien = using hyphenrules for french
(babel)             (\language5) on input line 92.
\FB@nonchar=\count177
Package babel Info: Making : an active character on input line 419.
Package babel Info: Making ; an active character on input line 420.
Package babel Info: Making ! an active character on input line 421.
Package babel Info: Making ? an active character on input line 422.
\FBguill@level=\count178
\FBold@everypar=\toks16
\FB@Mht=\dimen136
\mc@charclass=\count179
\mc@charfam=\count180
\mc@charslot=\count181
\std@mcc=\count182
\dec@mcc=\count183
\c@FBcaption@count=\count184
\listindentFB=\dimen137
\descindentFB=\dimen138
\labelindentFB=\dimen139
\labelwidthFB=\dimen140
\leftmarginFB=\dimen141
\parindentFFN=\dimen142
\FBfnindent=\dimen143
))
(/usr/share/texlive/texmf-dist/tex/latex/carlisle/scalefnt.sty)
(/usr/share/texlive/texmf-dist/tex/latex/graphics/keyval.sty
Package: keyval 2014/10/28 v1.15 key=value parser (DPC)
\KV@toks@=\toks17
)
(/usr/share/texlive/texmf-dist/tex/latex/psnfss/charter.sty
Package: charter 2005/04/12 PSNFSS-v9.2a (P.Dyballa) 
)
(/usr/share/texlive/texmf-dist/tex/latex/geometry/geometry.sty
Package: geometry 2020/01/02 v5.9 Page Geometry

(/usr/share/texlive/texmf-dist/tex/generic/iftex/ifvtex.sty
Package: ifvtex 2019/10/25 v1.7 ifvtex legacy package. Use iftex instead.

(/usr/share/texlive/texmf-dist/tex/generic/iftex/iftex.sty
Package: iftex 2019/11/07 v1.0c TeX engine tests
))
\Gm@cnth=\count185
\Gm@cntv=\count186
\c@Gm@tempcnt=\count187
\Gm@bindingoffset=\dimen144
\Gm@wd@mp=\dimen145
\Gm@odd@mp=\dimen146
\Gm@even@mp=\dimen147
\Gm@layoutwidth=\dimen148
\Gm@layoutheight=\dimen149
\Gm@layouthoffset=\dimen150
\Gm@layoutvoffset=\dimen151
\Gm@dimlist=\toks18
)
(/usr/share/texlive/texmf-dist/tex/latex/setspace/setspace.sty
Package: setspace 2011/12/19 v6.7a set line spacing
)
(/usr/share/texlive/texmf-dist/tex/latex/graphics/color.sty
Package: color 2019/11/23 v1.2a Standard LaTeX Color (DPC)

(/usr/share/texlive/texmf-dist/tex/latex/graphics-cfg/color.cfg
File: color.cfg 2016/01/02 v1.6 sample color configuration
)
Package color Info: Driver file: pdftex.def on input line 147.

(/usr/share/texlive/texmf-dist/tex/latex/graphics-def/pdftex.def
File: pdftex.def 2018/01/08 v1.0l Graphics/color driver for pdftex
))
(/usr/share/texlive/texmf-dist/tex/latex/xcolor/xcolor.sty
Package: xcolor 2016/05/11 v2.12 LaTeX color extensions (UK)

(/usr/share/texlive/texmf-dist/tex/latex/graphics-cfg/color.cfg
File: color.cfg 2016/01/02 v1.6 sample color configuration
)
Package xcolor Info: Driver file: pdftex.def on input line 225.
LaTeX Info: Redefining \color on input line 709.
Package xcolor Info: Model `cmy' substituted by `cmy0' on input line 1348.
Package xcolor Info: Model `hsb' substituted by `rgb' on input line 1352.
Package xcolor Info: Model `RGB' extended on input line 1364.
Package xcolor Info: Model `HTML' substituted by `rgb' on input line 1366.
Package xcolor Info: Model `Hsb' substituted by `hsb' on input line 1367.
Package xcolor Info: Model `tHsb' substituted by `hsb' on input line 1368.
Package xcolor Info: Model `HSB' substituted by `hsb' on input line 1369.
Package xcolor Info: Model `Gray' substituted by `gray' on input line 1370.
Package xcolor Info: Model `wave' substituted by `hsb' on input line 1371.
)
(/usr/share/texlive/texmf-dist/tex/latex/listings/listings.sty
\lst@mode=\count188
\lst@gtempboxa=\box45
\lst@token=\toks19
\lst@length=\count189
\lst@currlwidth=\dimen152
\lst@column=\count190
\lst@pos=\count191
\lst@lostspace=\dimen153
\lst@width=\dimen154
\lst@newlines=\count192
\lst@lineno=\count193
\lst@maxwidth=\dimen155

(/usr/share/texlive/texmf-dist/tex/latex/listings/lstmisc.sty
File: lstmisc.sty 2019/09/10 1.8c (Carsten Heinz)
\c@lstnumber=\count194
\lst@skipnumbers=\count195
\lst@framebox=\box46
)
(/usr/share/texlive/texmf-dist/tex/latex/listings/listings.cfg
File: listings.cfg 2019/09/10 1.8c listings configuration
))
Package: listings 2019/09/10 1.8c (Carsten Heinz)

(/usr/share/texlive/texmf-dist/tex/latex/hyperref/hyperref.sty
Package: hyperref 2020/01/14 v7.00d Hypertext links for LaTeX

(/usr/share/texlive/texmf-dist/tex/generic/ltxcmds/ltxcmds.sty
Package: ltxcmds 2019/12/15 v1.24 LaTeX kernel commands for general use (HO)
)
(/usr/share/texlive/texmf-dist/tex/latex/pdftexcmds/pdftexcmds.sty
Package: pdftexcmds 2019/11/24 v0.31 Utility functions of pdfTeX for LuaTeX (HO
)

(/usr/share/texlive/texmf-dist/tex/generic/infwarerr/infwarerr.sty
Package: infwarerr 2019/12/03 v1.5 Providing info/warning/error messages (HO)
)
Package pdftexcmds Info: \pdf@primitive is available.
Package pdftexcmds Info: \pdf@ifprimitive is available.
Package pdftexcmds Info: \pdfdraftmode found.
)
(/usr/share/texlive/texmf-dist/tex/generic/kvsetkeys/kvsetkeys.sty
Package: kvsetkeys 2019/12/15 v1.18 Key value parser (HO)
)
(/usr/share/texlive/texmf-dist/tex/generic/kvdefinekeys/kvdefinekeys.sty
Package: kvdefinekeys 2019-12-19 v1.6 Define keys (HO)
)
(/usr/share/texlive/texmf-dist/tex/generic/pdfescape/pdfescape.sty
Package: pdfescape 2019/12/09 v1.15 Implements pdfTeX's escape features (HO)
)
(/usr/share/texlive/texmf-dist/tex/latex/hycolor/hycolor.sty
Package: hycolor 2020-01-27 v1.10 Color options for hyperref/bookmark (HO)
)
(/usr/share/texlive/texmf-dist/tex/latex/letltxmacro/letltxmacro.sty
Package: letltxmacro 2019/12/03 v1.6 Let assignment for LaTeX macros (HO)
)
(/usr/share/texlive/texmf-dist/tex/latex/auxhook/auxhook.sty
Package: auxhook 2019-12-17 v1.6 Hooks for auxiliary files (HO)
)
(/usr/share/texlive/texmf-dist/tex/latex/kvoptions/kvoptions.sty
Package: kvoptions 2019/11/29 v3.13 Key value format for package options (HO)
)
\@linkdim=\dimen156
\Hy@linkcounter=\count196
\Hy@pagecounter=\count197

(/usr/share/texlive/texmf-dist/tex/latex/hyperref/pd1enc.def
File: pd1enc.def 2020/01/14 v7.00d Hyperref: PDFDocEncoding definition (HO)
Now handling font encoding PD1 ...
... no UTF-8 mapping file for font encoding PD1
)
(/usr/share/texlive/texmf-dist/tex/generic/intcalc/intcalc.sty
Package: intcalc 2019/12/15 v1.3 Expandable calculations with integers (HO)
)
(/usr/share/texlive/texmf-dist/tex/generic/etexcmds/etexcmds.sty
Package: etexcmds 2019/12/15 v1.7 Avoid name clashes with e-TeX commands (HO)
)
\Hy@SavedSpaceFactor=\count198
\pdfmajorversion=\count199
Package hyperref Info: Hyper figures OFF on input line 4547.
Package hyperref Info: Link nesting OFF on input line 4552.
Package hyperref Info: Hyper index ON on input line 4555.
Package hyperref Info: Plain pages OFF on input line 4562.
Package hyperref Info: Backreferencing OFF on input line 4567.
Package hyperref Info: Implicit mode ON; LaTeX internals redefined.
Package hyperref Info: Bookmarks ON on input line 4800.
\c@Hy@tempcnt=\count266

(/usr/share/texlive/texmf-dist/tex/latex/url/url.sty
\Urlmuskip=\muskip16
Package: url 2013/09/16  ver 3.4  Verb mode for urls, etc.
)
LaTeX Info: Redefining \url on input line 5159.
\XeTeXLinkMargin=\dimen157

(/usr/share/texlive/texmf-dist/tex/generic/bitset/bitset.sty
Package: bitset 2019/12/09 v1.3 Handle bit-vector datatype (HO)

(/usr/share/texlive/texmf-dist/tex/generic/bigintcalc/bigintcalc.sty
Package: bigintcalc 2019/12/15 v1.5 Expandable calculations on big integers (HO
)
))
\Fld@menulength=\count267
\Field@Width=\dimen158
\Fld@charsize=\dimen159
Package hyperref Info: Hyper figures OFF on input line 6430.
Package hyperref Info: Link nesting OFF on input line 6435.
Package hyperref Info: Hyper index ON on input line 6438.
Package hyperref Info: backreferencing OFF on input line 6445.
Package hyperref Info: Link coloring OFF on input line 6450.
Package hyperref Info: Link coloring with OCG OFF on input line 6455.
Package hyperref Info: PDF/A mode OFF on input line 6460.
LaTeX Info: Redefining \ref on input line 6500.
LaTeX Info: Redefining \pageref on input line 6504.

(/usr/share/texlive/texmf-dist/tex/generic/atbegshi/atbegshi.sty
Package: atbegshi 2019/12/05 v1.19 At begin shipout hook (HO)
)
\Hy@abspage=\count268
\c@Item=\count269
\c@Hfootnote=\count270
)
Package hyperref Info: Driver (autodetected): hpdftex.

(/usr/share/texlive/texmf-dist/tex/latex/hyperref/hpdftex.def
File: hpdftex.def 2020/01/14 v7.00d Hyperref driver for pdfTeX

(/usr/share/texlive/texmf-dist/tex/latex/atveryend/atveryend.sty
Package: atveryend 2019-12-11 v1.11 Hooks at the very end of document (HO)
Package atveryend Info: \enddocument detected (standard20110627).
)
\Fld@listcount=\count271
\c@bookmark@seq@number=\count272

(/usr/share/texlive/texmf-dist/tex/latex/rerunfilecheck/rerunfilecheck.sty
Package: rerunfilecheck 2019/12/05 v1.9 Rerun checks for auxiliary files (HO)

(/usr/share/texlive/texmf-dist/tex/generic/uniquecounter/uniquecounter.sty
Package: uniquecounter 2019/12/15 v1.4 Provide unlimited unique counter (HO)
)
Package uniquecounter Info: New unique counter `rerunfilecheck' on input line 2
86.
)
\Hy@SectionHShift=\skip49
)
(/usr/share/texlive/texmf-dist/tex/latex/tocloft/tocloft.sty
Package: tocloft 2017/08/31 v2.3i parameterised ToC, etc., typesetting
Package tocloft Info: The document has section divisions on input line 51.
\cftparskip=\skip50
\cftbeforetoctitleskip=\skip51
\cftaftertoctitleskip=\skip52
\cftbeforepartskip=\skip53
\cftpartnumwidth=\skip54
\cftpartindent=\skip55
\cftbeforesecskip=\skip56
\cftsecindent=\skip57
\cftsecnumwidth=\skip58
\cftbeforesubsecskip=\skip59
\cftsubsecindent=\skip60
\cftsubsecnumwidth=\skip61
\cftbeforesubsubsecskip=\skip62
\cftsubsubsecindent=\skip63
\cftsubsubsecnumwidth=\skip64
\cftbeforeparaskip=\skip65
\cftparaindent=\skip66
\cftparanumwidth=\skip67
\cftbeforesubparaskip=\skip68
\cftsubparaindent=\skip69
\cftsubparanumwidth=\skip70
\cftbeforeloftitleskip=\skip71
\cftafterloftitleskip=\skip72
\cftbeforefigskip=\skip73
\cftfigindent=\skip74
\cftfignumwidth=\skip75
\c@lofdepth=\count273
\c@lotdepth=\count274
\cftbeforelottitleskip=\skip76
\cftafterlottitleskip=\skip77
\cftbeforetabskip=\skip78
\cfttabindent=\skip79
\cfttabnumwidth=\skip80
)
(/usr/share/texlive/texmf-dist/tex/latex/listings/lstlang1.sty
File: lstlang1.sty 2019/09/10 1.8c listings language file
)
Package hyperref Info: Option `colorlinks' set `true' on input line 29.

(/usr/share/texlive/texmf-dist/tex/latex/l3backend/l3backend-pdfmode.def
File: l3backend-pdfmode.def 2020-02-03 L3 backend support: PDF mode
\l__kernel_color_stack_int=\count275
\l__pdf_internal_box=\box47
)
(./mega_assets_doc.aux)
\openout1 = `mega_assets_doc.aux'.

LaTeX Font Info:    Checking defaults for OML/cmm/m/it on input line 32.
LaTeX Font Info:    ... okay on input line 32.
LaTeX Font Info:    Checking defaults for OMS/cmsy/m/n on input line 32.
LaTeX Font Info:    ... okay on input line 32.
LaTeX Font Info:    Checking defaults for OT1/cmr/m/n on input line 32.
LaTeX Font Info:    ... okay on input line 32.
LaTeX Font Info:    Checking defaults for T1/cmr/m/n on input line 32.
LaTeX Font Info:    ... okay on input line 32.
LaTeX Font Info:    Checking defaults for TS1/cmr/m/n on input line 32.
LaTeX Font Info:    ... okay on input line 32.
LaTeX Font Info:    Checking defaults for OMX/cmex/m/n on input line 32.
LaTeX Font Info:    ... okay on input line 32.
LaTeX Font Info:    Checking defaults for U/cmr/m/n on input line 32.
LaTeX Font Info:    ... okay on input line 32.
LaTeX Font Info:    Checking defaults for PD1/pdf/m/n on input line 32.
LaTeX Font Info:    ... okay on input line 32.
LaTeX Font Info:    Trying to load font information for T1+bch on input line 32
.

(/usr/share/texlive/texmf-dist/tex/latex/psnfss/t1bch.fd
File: t1bch.fd 2004/10/18 font definitions for T1/bch.
)
LaTeX Info: Redefining \degres on input line 32.
LaTeX Info: Redefining \dots on input line 32.
LaTeX Info: Redefining \up on input line 32.

*geometry* driver: auto-detecting
*geometry* detected driver: pdftex
*geometry* verbose mode - [ preamble ] result:
* driver: pdftex
* paper: a4paper
* layout: <same size as paper>
* layoutoffset:(h,v)=(0.0pt,0.0pt)
* modes: 
* h-part:(L,W,R)=(28.45274pt, 540.60239pt, 28.45274pt)
* v-part:(T,H,B)=(56.9055pt, 731.23584pt, 56.9055pt)
* \paperwidth=597.50787pt
* \paperheight=845.04684pt
* \textwidth=540.60239pt
* \textheight=731.23584pt
* \oddsidemargin=-43.81725pt
* \evensidemargin=-43.81725pt
* \topmargin=-52.36449pt
* \headheight=12.0pt
* \headsep=25.0pt
* \topskip=11.0pt
* \footskip=30.0pt
* \marginparwidth=50.0pt
* \marginparsep=10.0pt
* \columnsep=10.0pt
* \skip\footins=10.0pt plus 4.0pt minus 2.0pt
* \hoffset=0.0pt
* \voffset=0.0pt
* \mag=1000
* \@twocolumnfalse
* \@twosidefalse
* \@mparswitchfalse
* \@reversemarginfalse
* (1in=72.27pt=25.4mm, 1cm=28.453pt)

(/usr/share/texlive/texmf-dist/tex/context/base/mkii/supp-pdf.mkii
[Loading MPS to PDF converter (version 2006.09.02).]
\scratchcounter=\count276
\scratchdimen=\dimen160
\scratchbox=\box48
\nofMPsegments=\count277
\nofMParguments=\count278
\everyMPshowfont=\toks20
\MPscratchCnt=\count279
\MPscratchDim=\dimen161
\MPnumerator=\count280
\makeMPintoPDFobject=\count281
\everyMPtoPDFconversion=\toks21
)
\c@lstlisting=\count282
\AtBeginShipoutBox=\box49
Package hyperref Info: Link coloring ON on input line 32.
 (/usr/share/texlive/texmf-dist/tex/latex/hyperref/nameref.sty
Package: nameref 2019/09/16 v2.46 Cross-referencing by name of section

(/usr/share/texlive/texmf-dist/tex/latex/refcount/refcount.sty
Package: refcount 2019/12/15 v3.6 Data extraction from label references (HO)
)
(/usr/share/texlive/texmf-dist/tex/generic/gettitlestring/gettitlestring.sty
Package: gettitlestring 2019/12/15 v1.6 Cleanup title references (HO)
)
\c@section@level=\count283
)
LaTeX Info: Redefining \ref on input line 32.
LaTeX Info: Redefining \pageref on input line 32.
LaTeX Info: Redefining \nameref on input line 32.

(./mega_assets_doc.out) (./mega_assets_doc.out)
\@outlinefile=\write3
\openout3 = `mega_assets_doc.out'.

\GPT@outputbox=\box50
 (./mega_assets_doc.toc
LaTeX Font Info:    External font `cmex10' loaded for size
(Font)              <12> on input line 2.
LaTeX Font Info:    External font `cmex10' loaded for size
(Font)              <8> on input line 2.
LaTeX Font Info:    External font `cmex10' loaded for size
(Font)              <6> on input line 2.
)
\tf@toc=\write4
\openout4 = `mega_assets_doc.toc'.


[1

{/var/lib/texmf/fonts/map/pdftex/updmap/pdftex.map}]
Underfull \hbox (badness 10000) in paragraph at lines 55--57

 []


Underfull \hbox (badness 10000) in paragraph at lines 64--66

 []


Underfull \hbox (badness 10000) in paragraph at lines 77--79

 []

LaTeX Font Info:    Trying to load font information for T1+cmtt on input line 8
2.
(/usr/share/texlive/texmf-dist/tex/latex/base/t1cmtt.fd
File: t1cmtt.fd 2019/12/16 v2.5j Standard LaTeX font definitions
) [2]
Underfull \hbox (badness 10000) in paragraph at lines 110--112

 []


Underfull \hbox (badness 10000) in paragraph at lines 130--132

 []


Underfull \hbox (badness 10000) in paragraph at lines 149--151

 []

[3]
Underfull \hbox (badness 10000) in paragraph at lines 165--167

 []


Overfull \hbox (13.92809pt too wide) in paragraph at lines 171--173
[]
 []


Overfull \hbox (10.5831pt too wide) in paragraph at lines 177--178
[]\T1/bch/m/n/12 Contient le(s) che-min(s) de(s) fu-ture pa-rent(s)
 []


Underfull \hbox (badness 10000) in paragraph at lines 183--186

 []


Overfull \hbox (11.00014pt too wide) in paragraph at lines 199--201
[]
 []


Overfull \hbox (1.9311pt too wide) in paragraph at lines 202--204
[]\T1/bch/m/n/12 Contient le(s) che-min(s) de(s) noeud(s) que l'on
 []


Underfull \hbox (badness 10000) in paragraph at lines 209--212

 []

[4]
Overfull \hbox (4.26819pt too wide) in paragraph at lines 225--226
[]\T1/bch/m/n/12 Déplace un noeud dans un
 []


Underfull \hbox (badness 10000) in paragraph at lines 236--238

 []


Underfull \hbox (badness 10000) in paragraph at lines 260--261

 []

[5]
Overfull \hbox (5.03616pt too wide) in paragraph at lines 278--282
[]\T1/bch/m/n/12 Appelle
 []


Underfull \hbox (badness 10000) in paragraph at lines 290--292

 []


Underfull \hbox (badness 10000) in paragraph at lines 317--318

 []

[6]
LaTeX Font Info:    Trying to load font information for TS1+bch on input line 3
46.
 (/usr/share/texlive/texmf-dist/tex/latex/psnfss/ts1bch.fd
File: ts1bch.fd 2004/10/18 font definitions for TS1/bch.
)
Underfull \hbox (badness 10000) in paragraph at lines 354--355

 []

[7]
Underfull \hbox (badness 10000) in paragraph at lines 402--404

 []


Underfull \hbox (badness 10000) in paragraph at lines 431--433

 []

[8]
Underfull \hbox (badness 10000) in paragraph at lines 454--455

 []


Overfull \hbox (15.46422pt too wide) in paragraph at lines 474--477
[]
 []


Underfull \hbox (badness 10000) in paragraph at lines 499--501

 []

[9]
Underfull \hbox (badness 10000) in paragraph at lines 522--524

 []


Underfull \hbox (badness 10000) in paragraph at lines 532--534

 []


Underfull \hbox (badness 10000) in paragraph at lines 542--544

 []


Underfull \hbox (badness 10000) in paragraph at lines 552--554

 []


Underfull \hbox (badness 10000) in paragraph at lines 562--564

 []


Underfull \hbox (badness 10000) in paragraph at lines 572--574

 []

[10]
Underfull \hbox (badness 10000) in paragraph at lines 582--584

 []


Underfull \hbox (badness 10000) in paragraph at lines 592--594

 []


Underfull \hbox (badness 10000) in paragraph at lines 602--604

 []


Underfull \hbox (badness 10000) in paragraph at lines 612--614

 []


Underfull \hbox (badness 10000) in paragraph at lines 622--624

 []


Underfull \hbox (badness 10000) in paragraph at lines 632--634

 []


Underfull \hbox (badness 10000) in paragraph at lines 648--651

 []

[11]
Underfull \hbox (badness 10000) in paragraph at lines 725--726

 []

[12] [13]
Overfull \hbox (12.08015pt too wide) in paragraph at lines 768--770
[]\T1/bch/m/n/12 Charge
 []

[14]
Underfull \hbox (badness 10000) in paragraph at lines 860--862

 []


Underfull \hbox (badness 10000) in paragraph at lines 869--872

 []


Underfull \hbox (badness 10000) in paragraph at lines 879--881

 []


Underfull \hbox (badness 10000) in paragraph at lines 888--891

 []


Underfull \hbox (badness 10000) in paragraph at lines 898--900

 []


Underfull \hbox (badness 10000) in paragraph at lines 907--910

 []


Underfull \hbox (badness 10000) in paragraph at lines 917--919

 []


Underfull \hbox (badness 10000) in paragraph at lines 926--929

 []


Underfull \hbox (badness 10000) in paragraph at lines 936--938

 []

[15]
Underfull \hbox (badness 10000) in paragraph at lines 946--948

 []


Underfull \hbox (badness 10000) in paragraph at lines 956--958

 []


Underfull \hbox (badness 10000) in paragraph at lines 969--971

 []


Underfull \hbox (badness 10000) in paragraph at lines 980--981

 []


Underfull \hbox (badness 10000) in paragraph at lines 989--990

 []


Underfull \hbox (badness 10000) in paragraph at lines 1010--1012

 []


Underfull \hbox (badness 10000) in paragraph at lines 1027--1029

 []

[16]
Underfull \hbox (badness 10000) in paragraph at lines 1058--1060

 []


Underfull \hbox (badness 10000) in paragraph at lines 1069--1071

 []


Underfull \hbox (badness 10000) in paragraph at lines 1078--1079

 []


Underfull \hbox (badness 10000) in paragraph at lines 1094--1097

 []

[17]
Underfull \hbox (badness 10000) in paragraph at lines 1097--1100

 []


Underfull \hbox (badness 10000) in paragraph at lines 1100--1102

 []


Underfull \hbox (badness 10000) in paragraph at lines 1112--1113

 []


Underfull \hbox (badness 10000) in paragraph at lines 1114--1118

 []


Underfull \hbox (badness 10000) in paragraph at lines 1143--1144

 []


Underfull \hbox (badness 10000) in paragraph at lines 1145--1148

 []

[18]
Overfull \hbox (17.087pt too wide) in paragraph at lines 1170--1173
\T1/bch/m/n/12 générée. Pour avoir plus d'in-for-ma-tions, consul-ter la do-cu-
men-ta-tion sur la fonc-tion []\T1/bch/m/it/12 get_screen_shot
 []


Underfull \hbox (badness 10000) in paragraph at lines 1173--1175

 []


Underfull \hbox (badness 10000) in paragraph at lines 1189--1190

 []


Underfull \hbox (badness 10000) in paragraph at lines 1197--1198

 []


Underfull \hbox (badness 10000) in paragraph at lines 1214--1215

 []

[19]
Underfull \hbox (badness 10000) in paragraph at lines 1223--1224

 []


Overfull \hbox (0.48827pt too wide) in paragraph at lines 1229--1231
[]\T1/bch/m/n/12 Chiffre une don-née avec une 
 []


Overfull \hbox (2.58815pt too wide) in paragraph at lines 1245--1247
[]\T1/bch/m/n/12 Chiffrement avec la mé-thode []\T1/bch/m/it/12 ARC-FOUR[]\T1/b
ch/m/n/12 . 
 []


Underfull \hbox (badness 10000) in paragraph at lines 1257--1258

 []

[20]
Overfull \hbox (14.56413pt too wide) in paragraph at lines 1279--1281
[]\T1/bch/m/n/12 Déchiffrement avec la mé-thode []\T1/bch/m/it/12 ARC-FOUR[]\T1
/bch/m/n/12 . 
 []


Overfull \hbox (2.64816pt too wide) in paragraph at lines 1281--1282
[]\T1/bch/m/n/12 Déchiffrement avec la mé-thode []\T1/bch/m/it/12 CHA-CHA[]\T1/
bch/m/n/12 . 
 []


Underfull \hbox (badness 10000) in paragraph at lines 1292--1293

 []


Underfull \hbox (badness 10000) in paragraph at lines 1333--1334

 []

[21]
Underfull \hbox (badness 10000) in paragraph at lines 1352--1354

 []


Overfull \hbox (19.47227pt too wide) in paragraph at lines 1371--1377
[]
 []

[22]
Underfull \hbox (badness 10000) in paragraph at lines 1451--1453

 []

[23] [24]
Underfull \hbox (badness 10000) in paragraph at lines 1565--1566

 []

[25]
Underfull \hbox (badness 10000) in paragraph at lines 1600--1602

 []


Overfull \hbox (6.54805pt too wide) in paragraph at lines 1607--1609
[]\T1/bch/m/n/12 Renvoie un ou plu-sieurs noeud
 []


Underfull \hbox (badness 10000) in paragraph at lines 1614--1616

 []


Overfull \hbox (12.09213pt too wide) in paragraph at lines 1621--1624
[]
 []


Overfull \hbox (1.9311pt too wide) in paragraph at lines 1625--1627
[]\T1/bch/m/n/12 Contient le(s) che-min(s) de(s) noeud(s) que l'on
 []


Underfull \hbox (badness 10000) in paragraph at lines 1634--1635

 []


Underfull \hbox (badness 10000) in paragraph at lines 1648--1649

 []


Overfull \hbox (4.64017pt too wide) in paragraph at lines 1654--1656
[]
 []

[26]
Underfull \hbox (badness 10000) in paragraph at lines 1696--1698

 []

[27]
Underfull \hbox (badness 10000) in paragraph at lines 1779--1783

 []

[28]
Underfull \hbox (badness 10000) in paragraph at lines 1819--1821

 []


Underfull \hbox (badness 10000) in paragraph at lines 1829--1831

 []

[29]
Underfull \hbox (badness 10000) in paragraph at lines 1849--1850

 []


Overfull \hbox (3.96815pt too wide) in paragraph at lines 1855--1856
[]\T1/bch/m/n/12 Déclenche un
 []


Underfull \hbox (badness 10000) in paragraph at lines 1884--1886

 []


Underfull \hbox (badness 10000) in paragraph at lines 1896--1899

 []

[30]
Underfull \hbox (badness 10000) in paragraph at lines 1913--1915

 []


Underfull \hbox (badness 10000) in paragraph at lines 1934--1936

 []

[31]
Underfull \hbox (badness 10000) in paragraph at lines 1993--1994

 []


Underfull \hbox (badness 10000) in paragraph at lines 2009--2011

 []

[32]
Underfull \hbox (badness 10000) in paragraph at lines 2043--2047

 []


Underfull \hbox (badness 10000) in paragraph at lines 2058--2060

 []


Underfull \hbox (badness 10000) in paragraph at lines 2091--2092

 []

[33]
Underfull \hbox (badness 10000) in paragraph at lines 2116--2118

 []


Underfull \hbox (badness 10000) in paragraph at lines 2128--2130

 []


Underfull \hbox (badness 10000) in paragraph at lines 2135--2137

 []


Overfull \hbox (2.09613pt too wide) in paragraph at lines 2141--2146
[]\T1/bch/m/n/12 : Ren-voie
 []


Underfull \hbox (badness 10000) in paragraph at lines 2153--2166

 []

[34]
Underfull \hbox (badness 10000) in paragraph at lines 2173--2175

 []


Underfull \hbox (badness 10000) in paragraph at lines 2182--2184

 []


Underfull \hbox (badness 10000) in paragraph at lines 2197--2200

 []


Overfull \hbox (5.19218pt too wide) in paragraph at lines 2205--2209
[]\T1/bch/m/n/12 : Dé-place un noeud de
 []


Underfull \hbox (badness 10000) in paragraph at lines 2222--2224

 []

[35]
Underfull \hbox (badness 10000) in paragraph at lines 2248--2250

 []


Overfull \hbox (1.1722pt too wide) in paragraph at lines 2255--2268
[]\T1/bch/m/n/12 :
 []


Underfull \hbox (badness 10000) in paragraph at lines 2280--2282

 []


Underfull \hbox (badness 10000) in paragraph at lines 2314--2316

 []


Underfull \hbox (badness 10000) in paragraph at lines 2325--2326

 []

[36]
Underfull \hbox (badness 10000) in paragraph at lines 2402--2404

 []

[37]
Overfull \hbox (0.63208pt too wide) in paragraph at lines 2422--2429
[]\T1/bch/m/n/12 : Ajoute une pro-priété dans la liste des pro-prié-tés d'un sc
ript.
 []


Underfull \hbox (badness 10000) in paragraph at lines 2430--2449

 []


Underfull \hbox (badness 10000) in paragraph at lines 2455--2457

 []

[38]
Underfull \hbox (badness 10000) in paragraph at lines 2457--2463

 []


Underfull \hbox (badness 10000) in paragraph at lines 2463--2472

 []


Underfull \hbox (badness 10000) in paragraph at lines 2472--2474

 []


Underfull \hbox (badness 10000) in paragraph at lines 2474--2477

 []


Underfull \hbox (badness 10000) in paragraph at lines 2478--2481

 []


Overfull \hbox (2.67502pt too wide) in paragraph at lines 2483--2487
[]\T1/bch/m/n/12 Contient les confi-gu-ra-tions d'un ou de plu-sieurs pro-prié-
tés d'un script.
 []


Underfull \hbox (badness 10000) in paragraph at lines 2488--2490

 []


Underfull \hbox (badness 10000) in paragraph at lines 2490--2499

 []

[39]
Underfull \hbox (badness 10000) in paragraph at lines 2499--2509

 []


Underfull \hbox (badness 10000) in paragraph at lines 2509--2511

 []


Underfull \hbox (badness 10000) in paragraph at lines 2511--2513

 []


Underfull \hbox (badness 10000) in paragraph at lines 2513--2515

 []


Overfull \hbox (3.2091pt too wide) in paragraph at lines 2519--2521
[]\T1/bch/m/n/12 On ac-cè-dera à la pro-priété qu'en
 []


Overfull \hbox (9.6411pt too wide) in paragraph at lines 2521--2523
[]\T1/bch/m/n/12 On ac-cè-dera à la pro-priété qu'en
 []


Underfull \hbox (badness 10000) in paragraph at lines 2523--2524

 []


Underfull \hbox (badness 10000) in paragraph at lines 2525--2529

 []


Underfull \hbox (badness 10000) in paragraph at lines 2529--2531

 []


Underfull \hbox (badness 10000) in paragraph at lines 2531--2536

 []


Underfull \hbox (badness 10000) in paragraph at lines 2536--2539

 []


Underfull \hbox (badness 10000) in paragraph at lines 2539--2541

 []


Underfull \hbox (badness 10000) in paragraph at lines 2541--2543

 []

[40]
Underfull \hbox (badness 10000) in paragraph at lines 2543--2546

 []


Underfull \hbox (badness 10000) in paragraph at lines 2546--2548

 []


Underfull \hbox (badness 10000) in paragraph at lines 2548--2551

 []


Underfull \hbox (badness 10000) in paragraph at lines 2551--2553

 []


Underfull \hbox (badness 10000) in paragraph at lines 2553--2560

 []


Overfull \hbox (3.9861pt too wide) in paragraph at lines 2582--2584
[]\T1/bch/m/n/12 Récupère la liste des opé-ra-teurs
 []

[41]
Overfull \hbox (6.67413pt too wide) in paragraph at lines 2604--2606
[]\T1/bch/m/n/12 Récupère la liste
 []


Overfull \hbox (2.25812pt too wide) in paragraph at lines 2608--2612
[]\T1/bch/m/n/12 Récupère la liste des che-mins
 []


Overfull \hbox (8.6421pt too wide) in paragraph at lines 2612--2616
[]\T1/bch/m/n/12 Récupère la liste des
 []


Underfull \hbox (badness 10000) in paragraph at lines 2612--2616

 []


Underfull \hbox (badness 10000) in paragraph at lines 2618--2622

 []


Underfull \hbox (badness 10000) in paragraph at lines 2630--2632

 []


Underfull \hbox (badness 10000) in paragraph at lines 2645--2646

 []

[42]
Underfull \hbox (badness 10000) in paragraph at lines 2646--2651

 []


Underfull \hbox (badness 10000) in paragraph at lines 2657--2658

 []


Underfull \hbox (badness 10000) in paragraph at lines 2659--2661

 []

[43] [44] [45]
Underfull \hbox (badness 10000) in paragraph at lines 2814--2816

 []

[46]
Underfull \hbox (badness 10000) in paragraph at lines 2833--2835

 []


Underfull \hbox (badness 10000) in paragraph at lines 2849--2851

 []


Underfull \hbox (badness 10000) in paragraph at lines 2864--2866

 []


Underfull \hbox (badness 10000) in paragraph at lines 2875--2877

 []


Underfull \hbox (badness 10000) in paragraph at lines 2888--2890

 []


Underfull \hbox (badness 10000) in paragraph at lines 2898--2899

 []


Underfull \hbox (badness 10000) in paragraph at lines 2907--2908

 []


Underfull \hbox (badness 10000) in paragraph at lines 2919--2920

 []

[47]
Underfull \hbox (badness 10000) in paragraph at lines 2937--2939

 []


Underfull \hbox (badness 10000) in paragraph at lines 2947--2949

 []


Underfull \hbox (badness 10000) in paragraph at lines 2957--2959

 []


Underfull \hbox (badness 10000) in paragraph at lines 2967--2969

 []


Underfull \hbox (badness 10000) in paragraph at lines 2977--2979

 []


Underfull \hbox (badness 10000) in paragraph at lines 2991--2993

 []

[48]
Underfull \hbox (badness 10000) in paragraph at lines 3010--3012

 []


Underfull \hbox (badness 10000) in paragraph at lines 3016--3017

 []


Overfull \hbox (0.94406pt too wide) in paragraph at lines 3021--3023
[]\T1/bch/m/n/12 : Ren-voie la liste
 []


Underfull \hbox (badness 10000) in paragraph at lines 3024--3026

 []


Underfull \hbox (badness 10000) in paragraph at lines 3034--3036

 []


Underfull \hbox (badness 10000) in paragraph at lines 3044--3046

 []


Underfull \hbox (badness 10000) in paragraph at lines 3056--3059

 []

[49]
Underfull \hbox (badness 10000) in paragraph at lines 3081--3084

 []


Underfull \hbox (badness 10000) in paragraph at lines 3095--3108

 []


Underfull \hbox (badness 10000) in paragraph at lines 3116--3119

 []


Underfull \hbox (badness 10000) in paragraph at lines 3126--3128

 []


Underfull \hbox (badness 10000) in paragraph at lines 3133--3135

 []

[50]
Underfull \hbox (badness 10000) in paragraph at lines 3176--3178

 []

[51]
Underfull \hbox (badness 10000) in paragraph at lines 3204--3208

 []


Underfull \hbox (badness 10000) in paragraph at lines 3216--3217

 []


Underfull \hbox (badness 10000) in paragraph at lines 3218--3220

 []


Underfull \hbox (badness 10000) in paragraph at lines 3220--3223

 []


Underfull \hbox (badness 10000) in paragraph at lines 3223--3225

 []


Underfull \hbox (badness 10000) in paragraph at lines 3225--3228

 []


Underfull \hbox (badness 10000) in paragraph at lines 3228--3231

 []


Underfull \hbox (badness 10000) in paragraph at lines 3231--3236

 []


Underfull \hbox (badness 10000) in paragraph at lines 3236--3242

 []


Underfull \hbox (badness 10000) in paragraph at lines 3242--3246

 []


Underfull \hbox (badness 10000) in paragraph at lines 3246--3249

 []

[52]
Underfull \hbox (badness 10000) in paragraph at lines 3249--3251

 []


Underfull \hbox (badness 10000) in paragraph at lines 3251--3254

 []


Underfull \hbox (badness 10000) in paragraph at lines 3254--3257

 []


Underfull \hbox (badness 10000) in paragraph at lines 3257--3260

 []


Underfull \hbox (badness 10000) in paragraph at lines 3260--3262

 []


Underfull \hbox (badness 10000) in paragraph at lines 3262--3270

 []


Underfull \hbox (badness 10000) in paragraph at lines 3270--3272

 []


Underfull \hbox (badness 10000) in paragraph at lines 3299--3301

 []

[53]
Underfull \hbox (badness 10000) in paragraph at lines 3330--3331

 []


Underfull \hbox (badness 10000) in paragraph at lines 3336--3339

 []


Underfull \hbox (badness 10000) in paragraph at lines 3349--3352

 []


Underfull \hbox (badness 10000) in paragraph at lines 3352--3357

 []


Underfull \hbox (badness 10000) in paragraph at lines 3357--3360

 []


Underfull \hbox (badness 10000) in paragraph at lines 3360--3362

 []


Underfull \hbox (badness 10000) in paragraph at lines 3380--3381

 []

[54]
Overfull \hbox (1.91614pt too wide) in paragraph at lines 3383--3384
[]\T1/bch/m/n/12 Voulez-vous don-ner un teint à votre ligne ? 
 []


Underfull \hbox (badness 10000) in paragraph at lines 3383--3384

 []


Underfull \hbox (badness 10000) in paragraph at lines 3384--3387

 []


Underfull \hbox (badness 10000) in paragraph at lines 3387--3389

 []


Underfull \hbox (badness 10000) in paragraph at lines 3389--3390

 []


Underfull \hbox (badness 10000) in paragraph at lines 3390--3392

 []


Underfull \hbox (badness 10000) in paragraph at lines 3392--3397

 []


Underfull \hbox (badness 10000) in paragraph at lines 3397--3400

 []


Overfull \hbox (3.18808pt too wide) in paragraph at lines 3400--3405
[]\T1/bch/m/n/12 Quels est/-sont le(s) che-min(s) de(s) ob-jet(s)
 []


Underfull \hbox (badness 10000) in paragraph at lines 3400--3405

 []


Underfull \hbox (badness 10000) in paragraph at lines 3405--3407

 []


Underfull \hbox (badness 10000) in paragraph at lines 3415--3417

 []

[55] [56]
Underfull \hbox (badness 10000) in paragraph at lines 3501--3503

 []


Underfull \hbox (badness 10000) in paragraph at lines 3549--3551

 []

[57]
Underfull \hbox (badness 10000) in paragraph at lines 3567--3568

 []


Underfull \hbox (badness 10000) in paragraph at lines 3585--3586

 []

[58]
Underfull \hbox (badness 10000) in paragraph at lines 3609--3610

 []


Underfull \hbox (badness 10000) in paragraph at lines 3633--3634

 []

[59]
Overfull \hbox (1.79607pt too wide) in paragraph at lines 3654--3657
[]\T1/bch/m/n/12 : Sub-di-vise un che-min re-pré-senté par plu-sieurs
 []


Underfull \hbox (badness 10000) in paragraph at lines 3660--3662

 []


Underfull \hbox (badness 10000) in paragraph at lines 3676--3677

 []


Overfull \hbox (3.28706pt too wide) in paragraph at lines 3693--3695
[]\T1/bch/m/n/12 Quel(s) est/-sont le(s) ca-rac-tère(s) qui pren-de-ra/ont la p
lace de(s)
 []


Underfull \hbox (badness 10000) in paragraph at lines 3697--3699

 []

[60]
Overfull \hbox (3.2751pt too wide) in paragraph at lines 3716--3718
[]\T1/bch/m/n/12 Quel(s) est/-sont le(s) ca-rac-tère(s) à sup-primé(s) à gauche

 []


Overfull \hbox (8.15907pt too wide) in paragraph at lines 3718--3720
[]\T1/bch/m/n/12 Quel(s) est/ sont le(s) ca-rac-tère(s) à sup-primé(s) à droite

 []


Underfull \hbox (badness 10000) in paragraph at lines 3718--3720

 []


Underfull \hbox (badness 10000) in paragraph at lines 3738--3740

 []


Underfull \hbox (badness 10000) in paragraph at lines 3750--3752

 []


Underfull \hbox (badness 10000) in paragraph at lines 3762--3765

 []

[61]
Underfull \hbox (badness 10000) in paragraph at lines 3774--3776

 []

Package atveryend Info: Empty hook `BeforeClearDocument' on input line 3791.
[62]
Package atveryend Info: Empty hook `AfterLastShipout' on input line 3791.
 (./mega_assets_doc.aux)
Package atveryend Info: Executing hook `AtVeryEndDocument' on input line 3791.
Package atveryend Info: Executing hook `AtEndAfterFileList' on input line 3791.

Package rerunfilecheck Info: File `mega_assets_doc.out' has not changed.
(rerunfilecheck)             Checksum: 6B4C6B877E8E4F7A050A080F7B238F27;113.
Package atveryend Info: Empty hook `AtVeryVeryEnd' on input line 3791.
 ) 
Here is how much of TeX's memory you used:
 10489 strings out of 483113
 152795 string characters out of 5964008
 655459 words of memory out of 5000000
 24609 multiletter control sequences out of 15000+600000
 560271 words of font info for 52 fonts, out of 8000000 for 9000
 36 hyphenation exceptions out of 8191
 34i,6n,40p,240b,1875s stack positions out of 5000i,500n,10000p,200000b,80000s
{/usr/share/texlive/texmf-dist/fonts/enc/dvips/base/8r.enc}</usr/share/texliv
e/texmf-dist/fonts/type1/bitstrea/charter/bchb8a.pfb></usr/share/texlive/texmf-
dist/fonts/type1/bitstrea/charter/bchbi8a.pfb></usr/share/texlive/texmf-dist/fo
nts/type1/bitstrea/charter/bchr8a.pfb></usr/share/texlive/texmf-dist/fonts/type
1/bitstrea/charter/bchri8a.pfb></usr/share/texlive/texmf-dist/fonts/type1/publi
c/amsfonts/cm/cmsy10.pfb>
Output written on mega_assets_doc.pdf (62 pages, 226464 bytes).
PDF statistics:
 1233 PDF objects out of 1440 (max. 8388607)
 1152 compressed objects within 12 object streams
 769 named destinations out of 1000 (max. 500000)
 17 words of extra memory for PDF output out of 10000 (max. 10000000)

